c:\users\shammi\documents\visual studio 2015\Projects\AngularDemo\AngularDemo\src\app\app.component.js
c:\users\shammi\documents\visual studio 2015\Projects\AngularDemo\AngularDemo\src\app\app.component.js.map
c:\users\shammi\documents\visual studio 2015\Projects\AngularDemo\AngularDemo\src\app\app.module.js
c:\users\shammi\documents\visual studio 2015\Projects\AngularDemo\AngularDemo\src\app\app.module.js.map
c:\users\shammi\documents\visual studio 2015\Projects\AngularDemo\AngularDemo\src\main.js
c:\users\shammi\documents\visual studio 2015\Projects\AngularDemo\AngularDemo\src\main.js.map
c:\users\shammi\documents\visual studio 2015\Projects\AngularDemo\AngularDemo\src\app\app.component.spec.js
c:\users\shammi\documents\visual studio 2015\Projects\AngularDemo\AngularDemo\src\app\app.component.spec.js.map
c:\users\shammi\documents\visual studio 2015\Projects\AngularDemo\AngularDemo\src\app\app.component.js
c:\users\shammi\documents\visual studio 2015\Projects\AngularDemo\AngularDemo\src\app\app.component.js.map
c:\users\shammi\documents\visual studio 2015\Projects\AngularDemo\AngularDemo\src\app\app.module.js
c:\users\shammi\documents\visual studio 2015\Projects\AngularDemo\AngularDemo\src\app\app.module.js.map
c:\users\shammi\documents\visual studio 2015\Projects\AngularDemo\AngularDemo\src\main.js
c:\users\shammi\documents\visual studio 2015\Projects\AngularDemo\AngularDemo\src\main.js.map
c:\users\shammi\documents\visual studio 2015\Projects\AngularDemo\AngularDemo\src\app\app.component.spec.js
c:\users\shammi\documents\visual studio 2015\Projects\AngularDemo\AngularDemo\src\app\app.component.spec.js.map
c:\users\shammi\documents\visual studio 2015\Projects\AngularDemo\AngularDemo\src\app\app.component.js
c:\users\shammi\documents\visual studio 2015\Projects\AngularDemo\AngularDemo\src\app\app.component.js.map
c:\users\shammi\documents\visual studio 2015\Projects\AngularDemo\AngularDemo\src\app\app.module.js
c:\users\shammi\documents\visual studio 2015\Projects\AngularDemo\AngularDemo\src\app\app.module.js.map
c:\users\shammi\documents\visual studio 2015\Projects\AngularDemo\AngularDemo\src\main.js
c:\users\shammi\documents\visual studio 2015\Projects\AngularDemo\AngularDemo\src\main.js.map
c:\users\shammi\documents\visual studio 2015\Projects\AngularDemo\AngularDemo\src\app\app.component.spec.js
c:\users\shammi\documents\visual studio 2015\Projects\AngularDemo\AngularDemo\src\app\app.component.spec.js.map
